<?xml version="1.0" encoding="UTF-8"?>
<testsuite xmlns:xsi="http://www.w3.org/2001/XMLSchema-instance" xsi:noNamespaceSchemaLocation="https://maven.apache.org/surefire/maven-surefire-plugin/xsd/surefire-test-report-3.0.xsd" version="3.0" name="com.cin.AppTest" time="0.023" tests="1" errors="0" skipped="0" failures="0">
  <properties>
    <property name="java.specification.version" value="17"/>
    <property name="sun.cpu.isalist" value="amd64"/>
    <property name="sun.jnu.encoding" value="Cp1252"/>
    <property name="java.class.path" value="D:\ratah\mavenProjet2\cin\target\test-classes;D:\ratah\mavenProjet2\cin\target\classes;C:\Users\thony\.m2\repository\junit\junit\3.8.1\junit-3.8.1.jar;C:\Users\thony\.m2\repository\javax\javaee-api\8.0\javaee-api-8.0.jar;C:\Users\thony\.m2\repository\com\sun\mail\javax.mail\1.6.0\javax.mail-1.6.0.jar;C:\Users\thony\.m2\repository\javax\activation\activation\1.1\activation-1.1.jar;C:\Users\thony\.m2\repository\com\fasterxml\jackson\core\jackson-databind\2.13.0\jackson-databind-2.13.0.jar;C:\Users\thony\.m2\repository\com\fasterxml\jackson\core\jackson-annotations\2.13.0\jackson-annotations-2.13.0.jar;C:\Users\thony\.m2\repository\com\fasterxml\jackson\core\jackson-core\2.13.0\jackson-core-2.13.0.jar;C:\Users\thony\.m2\repository\com\jboss-client\jboss-client\1.0\jboss-client-1.0.jar;C:\Users\thony\.m2\repository\org\wildfly\wildfly-client-properties\29.0.1.Final\wildfly-client-properties-29.0.1.Final.jar;C:\Users\thony\.m2\repository\org\jboss\jboss-ejb-client\5.0.5.Final\jboss-ejb-client-5.0.5.Final.jar;C:\Users\thony\.m2\repository\org\jboss\logging\jboss-logging\3.4.3.Final\jboss-logging-3.4.3.Final.jar;C:\Users\thony\.m2\repository\org\jboss\marshalling\jboss-marshalling\2.1.1.Final\jboss-marshalling-2.1.1.Final.jar;C:\Users\thony\.m2\repository\org\jboss\marshalling\jboss-marshalling-river\2.1.1.Final\jboss-marshalling-river-2.1.1.Final.jar;C:\Users\thony\.m2\repository\org\jboss\remoting\jboss-remoting\5.0.27.Final\jboss-remoting-5.0.27.Final.jar;C:\Users\thony\.m2\repository\org\wildfly\security\wildfly-elytron-auth-server-deprecated\1.20.2.Final\wildfly-elytron-auth-server-deprecated-1.20.2.Final.jar;C:\Users\thony\.m2\repository\org\wildfly\security\wildfly-elytron-auth-server-http\1.20.2.Final\wildfly-elytron-auth-server-http-1.20.2.Final.jar;C:\Users\thony\.m2\repository\org\wildfly\security\wildfly-elytron-auth-server-sasl\1.20.2.Final\wildfly-elytron-auth-server-sasl-1.20.2.Final.jar;C:\Users\thony\.m2\repository\org\wildfly\security\wildfly-elytron-sasl-auth-util\1.20.2.Final\wildfly-elytron-sasl-auth-util-1.20.2.Final.jar;C:\Users\thony\.m2\repository\jakarta\transaction\jakarta.transaction-api\2.0.1\jakarta.transaction-api-2.0.1.jar;C:\Users\thony\.m2\repository\jakarta\ejb\jakarta.ejb-api\4.0.1\jakarta.ejb-api-4.0.1.jar;C:\Users\thony\.m2\repository\org\jboss\threads\jboss-threads\2.4.0.Final\jboss-threads-2.4.0.Final.jar;C:\Users\thony\.m2\repository\org\jboss\xnio\xnio-api\3.8.9.Final\xnio-api-3.8.9.Final.jar;C:\Users\thony\.m2\repository\org\jboss\xnio\xnio-nio\3.8.9.Final\xnio-nio-3.8.9.Final.jar;C:\Users\thony\.m2\repository\org\wildfly\wildfly-naming-client\2.0.1.Final\wildfly-naming-client-2.0.1.Final.jar;C:\Users\thony\.m2\repository\org\wildfly\common\wildfly-common\1.6.0.Final\wildfly-common-1.6.0.Final.jar;C:\Users\thony\.m2\repository\org\wildfly\discovery\wildfly-discovery-client\1.2.1.Final\wildfly-discovery-client-1.2.1.Final.jar;C:\Users\thony\.m2\repository\org\wildfly\transaction\wildfly-transaction-client\3.0.0.Final\wildfly-transaction-client-3.0.0.Final.jar;C:\Users\thony\.m2\repository\org\wildfly\client\wildfly-client-config\1.0.1.Final\wildfly-client-config-1.0.1.Final.jar;C:\Users\thony\.m2\repository\jakarta\resource\jakarta.resource-api\2.1.0\jakarta.resource-api-2.1.0.jar;C:\Users\thony\.m2\repository\org\wildfly\wildfly-http-client\wildfly-http-client-common\2.0.2.Final\wildfly-http-client-common-2.0.2.Final.jar;C:\Users\thony\.m2\repository\org\wildfly\wildfly-http-client\wildfly-http-ejb-client\2.0.2.Final\wildfly-http-ejb-client-2.0.2.Final.jar;C:\Users\thony\.m2\repository\org\wildfly\wildfly-http-client\wildfly-http-naming-client\2.0.2.Final\wildfly-http-naming-client-2.0.2.Final.jar;C:\Users\thony\.m2\repository\org\wildfly\wildfly-http-client\wildfly-http-transaction-client\2.0.2.Final\wildfly-http-transaction-client-2.0.2.Final.jar;C:\Users\thony\.m2\repository\io\undertow\undertow-core\2.3.7.Final\undertow-core-2.3.7.Final.jar;C:\Users\thony\.m2\repository\commons-beanutils\commons-beanutils\1.9.4\commons-beanutils-1.9.4.jar;C:\Users\thony\.m2\repository\commons-collections\commons-collections\3.2.2\commons-collections-3.2.2.jar;C:\Users\thony\.m2\repository\io\netty\netty-buffer\4.1.94.Final\netty-buffer-4.1.94.Final.jar;C:\Users\thony\.m2\repository\io\netty\netty-resolver\4.1.94.Final\netty-resolver-4.1.94.Final.jar;C:\Users\thony\.m2\repository\io\netty\netty-transport\4.1.94.Final\netty-transport-4.1.94.Final.jar;C:\Users\thony\.m2\repository\io\netty\netty-handler\4.1.94.Final\netty-handler-4.1.94.Final.jar;C:\Users\thony\.m2\repository\io\netty\netty-handler-proxy\4.1.94.Final\netty-handler-proxy-4.1.94.Final.jar;C:\Users\thony\.m2\repository\io\netty\netty-codec\4.1.94.Final\netty-codec-4.1.94.Final.jar;C:\Users\thony\.m2\repository\io\netty\netty-codec-socks\4.1.94.Final\netty-codec-socks-4.1.94.Final.jar;C:\Users\thony\.m2\repository\io\netty\netty-common\4.1.94.Final\netty-common-4.1.94.Final.jar;C:\Users\thony\.m2\repository\io\netty\netty-transport-native-unix-common\4.1.94.Final\netty-transport-native-unix-common-4.1.94.Final.jar;C:\Users\thony\.m2\repository\io\netty\netty-transport-native-unix-common\4.1.94.Final\netty-transport-native-unix-common-4.1.94.Final-linux-x86_64.jar;C:\Users\thony\.m2\repository\io\netty\netty-transport-native-unix-common\4.1.94.Final\netty-transport-native-unix-common-4.1.94.Final-linux-aarch_64.jar;C:\Users\thony\.m2\repository\io\netty\netty-transport-classes-epoll\4.1.94.Final\netty-transport-classes-epoll-4.1.94.Final.jar;C:\Users\thony\.m2\repository\io\netty\netty-transport-native-epoll\4.1.94.Final\netty-transport-native-epoll-4.1.94.Final-linux-x86_64.jar;C:\Users\thony\.m2\repository\io\netty\netty-transport-native-epoll\4.1.94.Final\netty-transport-native-epoll-4.1.94.Final-linux-aarch_64.jar;C:\Users\thony\.m2\repository\io\netty\netty-transport-classes-kqueue\4.1.94.Final\netty-transport-classes-kqueue-4.1.94.Final.jar;C:\Users\thony\.m2\repository\io\netty\netty-codec-http\4.1.94.Final\netty-codec-http-4.1.94.Final.jar;C:\Users\thony\.m2\repository\org\apache\activemq\artemis-commons\2.26.0\artemis-commons-2.26.0.jar;C:\Users\thony\.m2\repository\org\apache\activemq\artemis-core-client\2.26.0\artemis-core-client-2.26.0.jar;C:\Users\thony\.m2\repository\org\apache\activemq\artemis-hqclient-protocol\2.26.0\artemis-hqclient-protocol-2.26.0.jar;C:\Users\thony\.m2\repository\org\apache\activemq\artemis-jakarta-client\2.26.0\artemis-jakarta-client-2.26.0.jar;C:\Users\thony\.m2\repository\org\apache\activemq\artemis-selector\2.26.0\artemis-selector-2.26.0.jar;C:\Users\thony\.m2\repository\jakarta\jms\jakarta.jms-api\3.1.0\jakarta.jms-api-3.1.0.jar;C:\Users\thony\.m2\repository\org\jgroups\jgroups\5.2.14.Final\jgroups-5.2.14.Final.jar;C:\Users\thony\.m2\repository\org\slf4j\jcl-over-slf4j\2.0.7\jcl-over-slf4j-2.0.7.jar;C:\Users\thony\.m2\repository\org\slf4j\slf4j-api\2.0.7\slf4j-api-2.0.7.jar;C:\Users\thony\.m2\repository\com\google\guava\guava\32.1.1-jre\guava-32.1.1-jre.jar;C:\Users\thony\.m2\repository\com\google\guava\failureaccess\1.0.1\failureaccess-1.0.1.jar;C:\Users\thony\.m2\repository\org\jboss\remotingjmx\remoting-jmx\3.1.0.Final\remoting-jmx-3.1.0.Final.jar;C:\Users\thony\.m2\repository\org\wildfly\security\wildfly-elytron-digest\2.2.1.Final\wildfly-elytron-digest-2.2.1.Final.jar;C:\Users\thony\.m2\repository\org\wildfly\security\wildfly-elytron-mechanism-digest\2.2.1.Final\wildfly-elytron-mechanism-digest-2.2.1.Final.jar;C:\Users\thony\.m2\repository\org\wildfly\security\wildfly-elytron-sasl-digest\2.2.1.Final\wildfly-elytron-sasl-digest-2.2.1.Final.jar;C:\Users\thony\.m2\repository\org\wildfly\security\wildfly-elytron-mechanism-oauth2\2.2.1.Final\wildfly-elytron-mechanism-oauth2-2.2.1.Final.jar;C:\Users\thony\.m2\repository\org\wildfly\security\wildfly-elytron-sasl-oauth2\2.2.1.Final\wildfly-elytron-sasl-oauth2-2.2.1.Final.jar;C:\Users\thony\.m2\repository\org\wildfly\security\wildfly-elytron-mechanism-scram\2.2.1.Final\wildfly-elytron-mechanism-scram-2.2.1.Final.jar;C:\Users\thony\.m2\repository\org\wildfly\security\wildfly-elytron-sasl-scram\2.2.1.Final\wildfly-elytron-sasl-scram-2.2.1.Final.jar;C:\Users\thony\.m2\repository\org\wildfly\security\wildfly-elytron-sasl-entity\2.2.1.Final\wildfly-elytron-sasl-entity-2.2.1.Final.jar;C:\Users\thony\.m2\repository\org\wildfly\security\wildfly-elytron-sasl-external\2.2.1.Final\wildfly-elytron-sasl-external-2.2.1.Final.jar;C:\Users\thony\.m2\repository\org\wildfly\security\wildfly-elytron-sasl-gs2\2.2.1.Final\wildfly-elytron-sasl-gs2-2.2.1.Final.jar;C:\Users\thony\.m2\repository\org\wildfly\security\wildfly-elytron-mechanism-gssapi\2.2.1.Final\wildfly-elytron-mechanism-gssapi-2.2.1.Final.jar;C:\Users\thony\.m2\repository\org\wildfly\security\wildfly-elytron-sasl-gssapi\2.2.1.Final\wildfly-elytron-sasl-gssapi-2.2.1.Final.jar;C:\Users\thony\.m2\repository\org\wildfly\security\wildfly-elytron-sasl-otp\2.2.1.Final\wildfly-elytron-sasl-otp-2.2.1.Final.jar;C:\Users\thony\.m2\repository\org\wildfly\security\wildfly-elytron-sasl-plain\2.2.1.Final\wildfly-elytron-sasl-plain-2.2.1.Final.jar;C:\Users\thony\.m2\repository\org\wildfly\security\wildfly-elytron-x500\2.2.1.Final\wildfly-elytron-x500-2.2.1.Final.jar;C:\Users\thony\.m2\repository\com\jboss-cli-client\jboss-cli-client\1.0\jboss-cli-client-1.0.jar;C:\Users\thony\.m2\repository\org\aesh\readline\2.2\readline-2.2.jar;C:\Users\thony\.m2\repository\org\fusesource\jansi\jansi\1.18\jansi-1.18.jar;C:\Users\thony\.m2\repository\org\aesh\aesh\2.4\aesh-2.4.jar;C:\Users\thony\.m2\repository\org\aesh\aesh-extensions\1.8\aesh-extensions-1.8.jar;C:\Users\thony\.m2\repository\org\jboss\staxmapper\1.4.0.Final\staxmapper-1.4.0.Final.jar;C:\Users\thony\.m2\repository\org\jboss\modules\jboss-modules\2.1.0.Final\jboss-modules-2.1.0.Final.jar;C:\Users\thony\.m2\repository\org\wildfly\core\wildfly-controller-client\21.1.1.Final\wildfly-controller-client-21.1.1.Final.jar;C:\Users\thony\.m2\repository\org\wildfly\core\wildfly-protocol\21.1.1.Final\wildfly-protocol-21.1.1.Final.jar;C:\Users\thony\.m2\repository\org\wildfly\security\wildfly-elytron-auth-server\2.2.1.Final\wildfly-elytron-auth-server-2.2.1.Final.jar;C:\Users\thony\.m2\repository\org\wildfly\security\wildfly-elytron-http\2.2.1.Final\wildfly-elytron-http-2.2.1.Final.jar;C:\Users\thony\.m2\repository\org\wildfly\security\wildfly-elytron-client\2.2.1.Final\wildfly-elytron-client-2.2.1.Final.jar;C:\Users\thony\.m2\repository\org\wildfly\security\wildfly-elytron-auth-util\2.2.1.Final\wildfly-elytron-auth-util-2.2.1.Final.jar;C:\Users\thony\.m2\repository\org\wildfly\security\wildfly-elytron-credential-source-impl\2.2.1.Final\wildfly-elytron-credential-source-impl-2.2.1.Final.jar;C:\Users\thony\.m2\repository\org\wildfly\security\wildfly-elytron-credential-store\2.2.1.Final\wildfly-elytron-credential-store-2.2.1.Final.jar;C:\Users\thony\.m2\repository\org\wildfly\security\wildfly-elytron-mechanism\2.2.1.Final\wildfly-elytron-mechanism-2.2.1.Final.jar;C:\Users\thony\.m2\repository\org\wildfly\security\wildfly-elytron-sasl\2.2.1.Final\wildfly-elytron-sasl-2.2.1.Final.jar;C:\Users\thony\.m2\repository\org\wildfly\security\wildfly-elytron-ssl\2.2.1.Final\wildfly-elytron-ssl-2.2.1.Final.jar;C:\Users\thony\.m2\repository\org\wildfly\security\wildfly-elytron-sasl-anonymous\2.2.1.Final\wildfly-elytron-sasl-anonymous-2.2.1.Final.jar;C:\Users\thony\.m2\repository\org\wildfly\security\wildfly-elytron-sasl-localuser\2.2.1.Final\wildfly-elytron-sasl-localuser-2.2.1.Final.jar;C:\Users\thony\.m2\repository\org\wildfly\security\wildfly-elytron-realm\2.2.1.Final\wildfly-elytron-realm-2.2.1.Final.jar;C:\Users\thony\.m2\repository\org\wildfly\security\wildfly-elytron-encryption\2.2.1.Final\wildfly-elytron-encryption-2.2.1.Final.jar;C:\Users\thony\.m2\repository\org\jboss\jboss-dmr\1.6.1.Final\jboss-dmr-1.6.1.Final.jar;C:\Users\thony\.m2\repository\org\wildfly\core\wildfly-embedded\21.1.1.Final\wildfly-embedded-21.1.1.Final.jar;C:\Users\thony\.m2\repository\org\wildfly\security\wildfly-elytron-auth\2.2.1.Final\wildfly-elytron-auth-2.2.1.Final.jar;C:\Users\thony\.m2\repository\org\wildfly\security\wildfly-elytron-util\2.2.1.Final\wildfly-elytron-util-2.2.1.Final.jar;C:\Users\thony\.m2\repository\org\wildfly\security\wildfly-elytron-base\2.2.1.Final\wildfly-elytron-base-2.2.1.Final.jar;C:\Users\thony\.m2\repository\org\wildfly\security\wildfly-elytron-credential\2.2.1.Final\wildfly-elytron-credential-2.2.1.Final.jar;C:\Users\thony\.m2\repository\org\wildfly\security\wildfly-elytron-asn1\2.2.1.Final\wildfly-elytron-asn1-2.2.1.Final.jar;C:\Users\thony\.m2\repository\org\wildfly\security\wildfly-elytron-keystore\2.2.1.Final\wildfly-elytron-keystore-2.2.1.Final.jar;C:\Users\thony\.m2\repository\org\wildfly\security\wildfly-elytron-provider-util\2.2.1.Final\wildfly-elytron-provider-util-2.2.1.Final.jar;C:\Users\thony\.m2\repository\org\wildfly\security\wildfly-elytron-password-impl\2.2.1.Final\wildfly-elytron-password-impl-2.2.1.Final.jar;C:\Users\thony\.m2\repository\org\wildfly\security\wildfly-elytron-security-manager\2.2.1.Final\wildfly-elytron-security-manager-2.2.1.Final.jar;C:\Users\thony\.m2\repository\org\wildfly\security\wildfly-elytron-permission\2.2.1.Final\wildfly-elytron-permission-2.2.1.Final.jar;C:\Users\thony\.m2\repository\org\wildfly\security\wildfly-elytron-security-manager-action\2.2.1.Final\wildfly-elytron-security-manager-action-2.2.1.Final.jar;C:\Users\thony\.m2\repository\org\wildfly\security\wildfly-elytron-x500-cert-acme\2.2.1.Final\wildfly-elytron-x500-cert-acme-2.2.1.Final.jar;C:\Users\thony\.m2\repository\org\wildfly\security\wildfly-elytron-x500-cert\2.2.1.Final\wildfly-elytron-x500-cert-2.2.1.Final.jar;C:\Users\thony\.m2\repository\org\apache\sshd\sshd-common\2.10.0\sshd-common-2.10.0.jar;C:\Users\thony\.m2\repository\org\wildfly\security\wildfly-elytron-x500-cert-util\2.2.1.Final\wildfly-elytron-x500-cert-util-2.2.1.Final.jar;C:\Users\thony\.m2\repository\org\jboss\logmanager\jboss-logmanager\2.1.19.Final\jboss-logmanager-2.1.19.Final.jar;C:\Users\thony\.m2\repository\org\jboss\jboss-vfs\3.3.0.Final\jboss-vfs-3.3.0.Final.jar;C:\Users\thony\.m2\repository\org\jboss\stdio\jboss-stdio\1.1.0.Final\jboss-stdio-1.1.0.Final.jar;C:\Users\thony\.m2\repository\jakarta\json\jakarta.json-api\2.1.2\jakarta.json-api-2.1.2.jar;C:\Users\thony\.m2\repository\org\eclipse\parsson\parsson\1.1.3\parsson-1.1.3.jar;"/>
    <property name="java.vm.vendor" value="Oracle Corporation"/>
    <property name="sun.arch.data.model" value="64"/>
    <property name="user.variant" value=""/>
    <property name="java.vendor.url" value="https://java.oracle.com/"/>
    <property name="user.timezone" value="Europe/Paris"/>
    <property name="os.name" value="Windows 10"/>
    <property name="java.vm.specification.version" value="17"/>
    <property name="sun.java.launcher" value="SUN_STANDARD"/>
    <property name="user.country" value="FR"/>
    <property name="sun.boot.library.path" value="C:\Program Files\Java\jdk-17\bin"/>
    <property name="sun.java.command" value="C:\Users\thony\AppData\Local\Temp\surefire17427916676218781530\surefirebooter-20231026101718194_3.jar C:\Users\thony\AppData\Local\Temp\surefire17427916676218781530 2023-10-26T10-17-17_993-jvmRun1 surefire-20231026101718194_1tmp surefire_0-20231026101718194_2tmp"/>
    <property name="jdk.debug" value="release"/>
    <property name="surefire.test.class.path" value="D:\ratah\mavenProjet2\cin\target\test-classes;D:\ratah\mavenProjet2\cin\target\classes;C:\Users\thony\.m2\repository\junit\junit\3.8.1\junit-3.8.1.jar;C:\Users\thony\.m2\repository\javax\javaee-api\8.0\javaee-api-8.0.jar;C:\Users\thony\.m2\repository\com\sun\mail\javax.mail\1.6.0\javax.mail-1.6.0.jar;C:\Users\thony\.m2\repository\javax\activation\activation\1.1\activation-1.1.jar;C:\Users\thony\.m2\repository\com\fasterxml\jackson\core\jackson-databind\2.13.0\jackson-databind-2.13.0.jar;C:\Users\thony\.m2\repository\com\fasterxml\jackson\core\jackson-annotations\2.13.0\jackson-annotations-2.13.0.jar;C:\Users\thony\.m2\repository\com\fasterxml\jackson\core\jackson-core\2.13.0\jackson-core-2.13.0.jar;C:\Users\thony\.m2\repository\com\jboss-client\jboss-client\1.0\jboss-client-1.0.jar;C:\Users\thony\.m2\repository\org\wildfly\wildfly-client-properties\29.0.1.Final\wildfly-client-properties-29.0.1.Final.jar;C:\Users\thony\.m2\repository\org\jboss\jboss-ejb-client\5.0.5.Final\jboss-ejb-client-5.0.5.Final.jar;C:\Users\thony\.m2\repository\org\jboss\logging\jboss-logging\3.4.3.Final\jboss-logging-3.4.3.Final.jar;C:\Users\thony\.m2\repository\org\jboss\marshalling\jboss-marshalling\2.1.1.Final\jboss-marshalling-2.1.1.Final.jar;C:\Users\thony\.m2\repository\org\jboss\marshalling\jboss-marshalling-river\2.1.1.Final\jboss-marshalling-river-2.1.1.Final.jar;C:\Users\thony\.m2\repository\org\jboss\remoting\jboss-remoting\5.0.27.Final\jboss-remoting-5.0.27.Final.jar;C:\Users\thony\.m2\repository\org\wildfly\security\wildfly-elytron-auth-server-deprecated\1.20.2.Final\wildfly-elytron-auth-server-deprecated-1.20.2.Final.jar;C:\Users\thony\.m2\repository\org\wildfly\security\wildfly-elytron-auth-server-http\1.20.2.Final\wildfly-elytron-auth-server-http-1.20.2.Final.jar;C:\Users\thony\.m2\repository\org\wildfly\security\wildfly-elytron-auth-server-sasl\1.20.2.Final\wildfly-elytron-auth-server-sasl-1.20.2.Final.jar;C:\Users\thony\.m2\repository\org\wildfly\security\wildfly-elytron-sasl-auth-util\1.20.2.Final\wildfly-elytron-sasl-auth-util-1.20.2.Final.jar;C:\Users\thony\.m2\repository\jakarta\transaction\jakarta.transaction-api\2.0.1\jakarta.transaction-api-2.0.1.jar;C:\Users\thony\.m2\repository\jakarta\ejb\jakarta.ejb-api\4.0.1\jakarta.ejb-api-4.0.1.jar;C:\Users\thony\.m2\repository\org\jboss\threads\jboss-threads\2.4.0.Final\jboss-threads-2.4.0.Final.jar;C:\Users\thony\.m2\repository\org\jboss\xnio\xnio-api\3.8.9.Final\xnio-api-3.8.9.Final.jar;C:\Users\thony\.m2\repository\org\jboss\xnio\xnio-nio\3.8.9.Final\xnio-nio-3.8.9.Final.jar;C:\Users\thony\.m2\repository\org\wildfly\wildfly-naming-client\2.0.1.Final\wildfly-naming-client-2.0.1.Final.jar;C:\Users\thony\.m2\repository\org\wildfly\common\wildfly-common\1.6.0.Final\wildfly-common-1.6.0.Final.jar;C:\Users\thony\.m2\repository\org\wildfly\discovery\wildfly-discovery-client\1.2.1.Final\wildfly-discovery-client-1.2.1.Final.jar;C:\Users\thony\.m2\repository\org\wildfly\transaction\wildfly-transaction-client\3.0.0.Final\wildfly-transaction-client-3.0.0.Final.jar;C:\Users\thony\.m2\repository\org\wildfly\client\wildfly-client-config\1.0.1.Final\wildfly-client-config-1.0.1.Final.jar;C:\Users\thony\.m2\repository\jakarta\resource\jakarta.resource-api\2.1.0\jakarta.resource-api-2.1.0.jar;C:\Users\thony\.m2\repository\org\wildfly\wildfly-http-client\wildfly-http-client-common\2.0.2.Final\wildfly-http-client-common-2.0.2.Final.jar;C:\Users\thony\.m2\repository\org\wildfly\wildfly-http-client\wildfly-http-ejb-client\2.0.2.Final\wildfly-http-ejb-client-2.0.2.Final.jar;C:\Users\thony\.m2\repository\org\wildfly\wildfly-http-client\wildfly-http-naming-client\2.0.2.Final\wildfly-http-naming-client-2.0.2.Final.jar;C:\Users\thony\.m2\repository\org\wildfly\wildfly-http-client\wildfly-http-transaction-client\2.0.2.Final\wildfly-http-transaction-client-2.0.2.Final.jar;C:\Users\thony\.m2\repository\io\undertow\undertow-core\2.3.7.Final\undertow-core-2.3.7.Final.jar;C:\Users\thony\.m2\repository\commons-beanutils\commons-beanutils\1.9.4\commons-beanutils-1.9.4.jar;C:\Users\thony\.m2\repository\commons-collections\commons-collections\3.2.2\commons-collections-3.2.2.jar;C:\Users\thony\.m2\repository\io\netty\netty-buffer\4.1.94.Final\netty-buffer-4.1.94.Final.jar;C:\Users\thony\.m2\repository\io\netty\netty-resolver\4.1.94.Final\netty-resolver-4.1.94.Final.jar;C:\Users\thony\.m2\repository\io\netty\netty-transport\4.1.94.Final\netty-transport-4.1.94.Final.jar;C:\Users\thony\.m2\repository\io\netty\netty-handler\4.1.94.Final\netty-handler-4.1.94.Final.jar;C:\Users\thony\.m2\repository\io\netty\netty-handler-proxy\4.1.94.Final\netty-handler-proxy-4.1.94.Final.jar;C:\Users\thony\.m2\repository\io\netty\netty-codec\4.1.94.Final\netty-codec-4.1.94.Final.jar;C:\Users\thony\.m2\repository\io\netty\netty-codec-socks\4.1.94.Final\netty-codec-socks-4.1.94.Final.jar;C:\Users\thony\.m2\repository\io\netty\netty-common\4.1.94.Final\netty-common-4.1.94.Final.jar;C:\Users\thony\.m2\repository\io\netty\netty-transport-native-unix-common\4.1.94.Final\netty-transport-native-unix-common-4.1.94.Final.jar;C:\Users\thony\.m2\repository\io\netty\netty-transport-native-unix-common\4.1.94.Final\netty-transport-native-unix-common-4.1.94.Final-linux-x86_64.jar;C:\Users\thony\.m2\repository\io\netty\netty-transport-native-unix-common\4.1.94.Final\netty-transport-native-unix-common-4.1.94.Final-linux-aarch_64.jar;C:\Users\thony\.m2\repository\io\netty\netty-transport-classes-epoll\4.1.94.Final\netty-transport-classes-epoll-4.1.94.Final.jar;C:\Users\thony\.m2\repository\io\netty\netty-transport-native-epoll\4.1.94.Final\netty-transport-native-epoll-4.1.94.Final-linux-x86_64.jar;C:\Users\thony\.m2\repository\io\netty\netty-transport-native-epoll\4.1.94.Final\netty-transport-native-epoll-4.1.94.Final-linux-aarch_64.jar;C:\Users\thony\.m2\repository\io\netty\netty-transport-classes-kqueue\4.1.94.Final\netty-transport-classes-kqueue-4.1.94.Final.jar;C:\Users\thony\.m2\repository\io\netty\netty-codec-http\4.1.94.Final\netty-codec-http-4.1.94.Final.jar;C:\Users\thony\.m2\repository\org\apache\activemq\artemis-commons\2.26.0\artemis-commons-2.26.0.jar;C:\Users\thony\.m2\repository\org\apache\activemq\artemis-core-client\2.26.0\artemis-core-client-2.26.0.jar;C:\Users\thony\.m2\repository\org\apache\activemq\artemis-hqclient-protocol\2.26.0\artemis-hqclient-protocol-2.26.0.jar;C:\Users\thony\.m2\repository\org\apache\activemq\artemis-jakarta-client\2.26.0\artemis-jakarta-client-2.26.0.jar;C:\Users\thony\.m2\repository\org\apache\activemq\artemis-selector\2.26.0\artemis-selector-2.26.0.jar;C:\Users\thony\.m2\repository\jakarta\jms\jakarta.jms-api\3.1.0\jakarta.jms-api-3.1.0.jar;C:\Users\thony\.m2\repository\org\jgroups\jgroups\5.2.14.Final\jgroups-5.2.14.Final.jar;C:\Users\thony\.m2\repository\org\slf4j\jcl-over-slf4j\2.0.7\jcl-over-slf4j-2.0.7.jar;C:\Users\thony\.m2\repository\org\slf4j\slf4j-api\2.0.7\slf4j-api-2.0.7.jar;C:\Users\thony\.m2\repository\com\google\guava\guava\32.1.1-jre\guava-32.1.1-jre.jar;C:\Users\thony\.m2\repository\com\google\guava\failureaccess\1.0.1\failureaccess-1.0.1.jar;C:\Users\thony\.m2\repository\org\jboss\remotingjmx\remoting-jmx\3.1.0.Final\remoting-jmx-3.1.0.Final.jar;C:\Users\thony\.m2\repository\org\wildfly\security\wildfly-elytron-digest\2.2.1.Final\wildfly-elytron-digest-2.2.1.Final.jar;C:\Users\thony\.m2\repository\org\wildfly\security\wildfly-elytron-mechanism-digest\2.2.1.Final\wildfly-elytron-mechanism-digest-2.2.1.Final.jar;C:\Users\thony\.m2\repository\org\wildfly\security\wildfly-elytron-sasl-digest\2.2.1.Final\wildfly-elytron-sasl-digest-2.2.1.Final.jar;C:\Users\thony\.m2\repository\org\wildfly\security\wildfly-elytron-mechanism-oauth2\2.2.1.Final\wildfly-elytron-mechanism-oauth2-2.2.1.Final.jar;C:\Users\thony\.m2\repository\org\wildfly\security\wildfly-elytron-sasl-oauth2\2.2.1.Final\wildfly-elytron-sasl-oauth2-2.2.1.Final.jar;C:\Users\thony\.m2\repository\org\wildfly\security\wildfly-elytron-mechanism-scram\2.2.1.Final\wildfly-elytron-mechanism-scram-2.2.1.Final.jar;C:\Users\thony\.m2\repository\org\wildfly\security\wildfly-elytron-sasl-scram\2.2.1.Final\wildfly-elytron-sasl-scram-2.2.1.Final.jar;C:\Users\thony\.m2\repository\org\wildfly\security\wildfly-elytron-sasl-entity\2.2.1.Final\wildfly-elytron-sasl-entity-2.2.1.Final.jar;C:\Users\thony\.m2\repository\org\wildfly\security\wildfly-elytron-sasl-external\2.2.1.Final\wildfly-elytron-sasl-external-2.2.1.Final.jar;C:\Users\thony\.m2\repository\org\wildfly\security\wildfly-elytron-sasl-gs2\2.2.1.Final\wildfly-elytron-sasl-gs2-2.2.1.Final.jar;C:\Users\thony\.m2\repository\org\wildfly\security\wildfly-elytron-mechanism-gssapi\2.2.1.Final\wildfly-elytron-mechanism-gssapi-2.2.1.Final.jar;C:\Users\thony\.m2\repository\org\wildfly\security\wildfly-elytron-sasl-gssapi\2.2.1.Final\wildfly-elytron-sasl-gssapi-2.2.1.Final.jar;C:\Users\thony\.m2\repository\org\wildfly\security\wildfly-elytron-sasl-otp\2.2.1.Final\wildfly-elytron-sasl-otp-2.2.1.Final.jar;C:\Users\thony\.m2\repository\org\wildfly\security\wildfly-elytron-sasl-plain\2.2.1.Final\wildfly-elytron-sasl-plain-2.2.1.Final.jar;C:\Users\thony\.m2\repository\org\wildfly\security\wildfly-elytron-x500\2.2.1.Final\wildfly-elytron-x500-2.2.1.Final.jar;C:\Users\thony\.m2\repository\com\jboss-cli-client\jboss-cli-client\1.0\jboss-cli-client-1.0.jar;C:\Users\thony\.m2\repository\org\aesh\readline\2.2\readline-2.2.jar;C:\Users\thony\.m2\repository\org\fusesource\jansi\jansi\1.18\jansi-1.18.jar;C:\Users\thony\.m2\repository\org\aesh\aesh\2.4\aesh-2.4.jar;C:\Users\thony\.m2\repository\org\aesh\aesh-extensions\1.8\aesh-extensions-1.8.jar;C:\Users\thony\.m2\repository\org\jboss\staxmapper\1.4.0.Final\staxmapper-1.4.0.Final.jar;C:\Users\thony\.m2\repository\org\jboss\modules\jboss-modules\2.1.0.Final\jboss-modules-2.1.0.Final.jar;C:\Users\thony\.m2\repository\org\wildfly\core\wildfly-controller-client\21.1.1.Final\wildfly-controller-client-21.1.1.Final.jar;C:\Users\thony\.m2\repository\org\wildfly\core\wildfly-protocol\21.1.1.Final\wildfly-protocol-21.1.1.Final.jar;C:\Users\thony\.m2\repository\org\wildfly\security\wildfly-elytron-auth-server\2.2.1.Final\wildfly-elytron-auth-server-2.2.1.Final.jar;C:\Users\thony\.m2\repository\org\wildfly\security\wildfly-elytron-http\2.2.1.Final\wildfly-elytron-http-2.2.1.Final.jar;C:\Users\thony\.m2\repository\org\wildfly\security\wildfly-elytron-client\2.2.1.Final\wildfly-elytron-client-2.2.1.Final.jar;C:\Users\thony\.m2\repository\org\wildfly\security\wildfly-elytron-auth-util\2.2.1.Final\wildfly-elytron-auth-util-2.2.1.Final.jar;C:\Users\thony\.m2\repository\org\wildfly\security\wildfly-elytron-credential-source-impl\2.2.1.Final\wildfly-elytron-credential-source-impl-2.2.1.Final.jar;C:\Users\thony\.m2\repository\org\wildfly\security\wildfly-elytron-credential-store\2.2.1.Final\wildfly-elytron-credential-store-2.2.1.Final.jar;C:\Users\thony\.m2\repository\org\wildfly\security\wildfly-elytron-mechanism\2.2.1.Final\wildfly-elytron-mechanism-2.2.1.Final.jar;C:\Users\thony\.m2\repository\org\wildfly\security\wildfly-elytron-sasl\2.2.1.Final\wildfly-elytron-sasl-2.2.1.Final.jar;C:\Users\thony\.m2\repository\org\wildfly\security\wildfly-elytron-ssl\2.2.1.Final\wildfly-elytron-ssl-2.2.1.Final.jar;C:\Users\thony\.m2\repository\org\wildfly\security\wildfly-elytron-sasl-anonymous\2.2.1.Final\wildfly-elytron-sasl-anonymous-2.2.1.Final.jar;C:\Users\thony\.m2\repository\org\wildfly\security\wildfly-elytron-sasl-localuser\2.2.1.Final\wildfly-elytron-sasl-localuser-2.2.1.Final.jar;C:\Users\thony\.m2\repository\org\wildfly\security\wildfly-elytron-realm\2.2.1.Final\wildfly-elytron-realm-2.2.1.Final.jar;C:\Users\thony\.m2\repository\org\wildfly\security\wildfly-elytron-encryption\2.2.1.Final\wildfly-elytron-encryption-2.2.1.Final.jar;C:\Users\thony\.m2\repository\org\jboss\jboss-dmr\1.6.1.Final\jboss-dmr-1.6.1.Final.jar;C:\Users\thony\.m2\repository\org\wildfly\core\wildfly-embedded\21.1.1.Final\wildfly-embedded-21.1.1.Final.jar;C:\Users\thony\.m2\repository\org\wildfly\security\wildfly-elytron-auth\2.2.1.Final\wildfly-elytron-auth-2.2.1.Final.jar;C:\Users\thony\.m2\repository\org\wildfly\security\wildfly-elytron-util\2.2.1.Final\wildfly-elytron-util-2.2.1.Final.jar;C:\Users\thony\.m2\repository\org\wildfly\security\wildfly-elytron-base\2.2.1.Final\wildfly-elytron-base-2.2.1.Final.jar;C:\Users\thony\.m2\repository\org\wildfly\security\wildfly-elytron-credential\2.2.1.Final\wildfly-elytron-credential-2.2.1.Final.jar;C:\Users\thony\.m2\repository\org\wildfly\security\wildfly-elytron-asn1\2.2.1.Final\wildfly-elytron-asn1-2.2.1.Final.jar;C:\Users\thony\.m2\repository\org\wildfly\security\wildfly-elytron-keystore\2.2.1.Final\wildfly-elytron-keystore-2.2.1.Final.jar;C:\Users\thony\.m2\repository\org\wildfly\security\wildfly-elytron-provider-util\2.2.1.Final\wildfly-elytron-provider-util-2.2.1.Final.jar;C:\Users\thony\.m2\repository\org\wildfly\security\wildfly-elytron-password-impl\2.2.1.Final\wildfly-elytron-password-impl-2.2.1.Final.jar;C:\Users\thony\.m2\repository\org\wildfly\security\wildfly-elytron-security-manager\2.2.1.Final\wildfly-elytron-security-manager-2.2.1.Final.jar;C:\Users\thony\.m2\repository\org\wildfly\security\wildfly-elytron-permission\2.2.1.Final\wildfly-elytron-permission-2.2.1.Final.jar;C:\Users\thony\.m2\repository\org\wildfly\security\wildfly-elytron-security-manager-action\2.2.1.Final\wildfly-elytron-security-manager-action-2.2.1.Final.jar;C:\Users\thony\.m2\repository\org\wildfly\security\wildfly-elytron-x500-cert-acme\2.2.1.Final\wildfly-elytron-x500-cert-acme-2.2.1.Final.jar;C:\Users\thony\.m2\repository\org\wildfly\security\wildfly-elytron-x500-cert\2.2.1.Final\wildfly-elytron-x500-cert-2.2.1.Final.jar;C:\Users\thony\.m2\repository\org\apache\sshd\sshd-common\2.10.0\sshd-common-2.10.0.jar;C:\Users\thony\.m2\repository\org\wildfly\security\wildfly-elytron-x500-cert-util\2.2.1.Final\wildfly-elytron-x500-cert-util-2.2.1.Final.jar;C:\Users\thony\.m2\repository\org\jboss\logmanager\jboss-logmanager\2.1.19.Final\jboss-logmanager-2.1.19.Final.jar;C:\Users\thony\.m2\repository\org\jboss\jboss-vfs\3.3.0.Final\jboss-vfs-3.3.0.Final.jar;C:\Users\thony\.m2\repository\org\jboss\stdio\jboss-stdio\1.1.0.Final\jboss-stdio-1.1.0.Final.jar;C:\Users\thony\.m2\repository\jakarta\json\jakarta.json-api\2.1.2\jakarta.json-api-2.1.2.jar;C:\Users\thony\.m2\repository\org\eclipse\parsson\parsson\1.1.3\parsson-1.1.3.jar;"/>
    <property name="sun.cpu.endian" value="little"/>
    <property name="user.home" value="C:\Users\thony"/>
    <property name="user.language" value="fr"/>
    <property name="java.specification.vendor" value="Oracle Corporation"/>
    <property name="java.version.date" value="2023-04-18"/>
    <property name="java.home" value="C:\Program Files\Java\jdk-17"/>
    <property name="file.separator" value="\"/>
    <property name="basedir" value="D:\ratah\mavenProjet2\cin"/>
    <property name="java.vm.compressedOopsMode" value="Zero based"/>
    <property name="line.separator" value="&#10;"/>
    <property name="java.vm.specification.vendor" value="Oracle Corporation"/>
    <property name="java.specification.name" value="Java Platform API Specification"/>
    <property name="surefire.real.class.path" value="C:\Users\thony\AppData\Local\Temp\surefire17427916676218781530\surefirebooter-20231026101718194_3.jar"/>
    <property name="user.script" value=""/>
    <property name="sun.management.compiler" value="HotSpot 64-Bit Tiered Compilers"/>
    <property name="java.runtime.version" value="17.0.7+8-LTS-224"/>
    <property name="user.name" value="thony"/>
    <property name="path.separator" value=";"/>
    <property name="os.version" value="10.0"/>
    <property name="java.runtime.name" value="Java(TM) SE Runtime Environment"/>
    <property name="file.encoding" value="Cp1252"/>
    <property name="java.vm.name" value="Java HotSpot(TM) 64-Bit Server VM"/>
    <property name="localRepository" value="C:\Users\thony\.m2\repository"/>
    <property name="java.vendor.url.bug" value="https://bugreport.java.com/bugreport/"/>
    <property name="java.io.tmpdir" value="C:\Users\thony\AppData\Local\Temp\"/>
    <property name="java.version" value="17.0.7"/>
    <property name="user.dir" value="D:\ratah\mavenProjet2\cin"/>
    <property name="os.arch" value="amd64"/>
    <property name="java.vm.specification.name" value="Java Virtual Machine Specification"/>
    <property name="sun.os.patch.level" value=""/>
    <property name="native.encoding" value="Cp1252"/>
    <property name="java.library.path" value="C:\Program Files\Java\jdk-17\bin;C:\Windows\Sun\Java\bin;C:\Windows\system32;C:\Windows;C:\Program Files\Microsoft MPI\Bin\;C:\app\thony\product\11.2.0\dbhome_2\bin;C:\app\thony\product\11.2.0\dbhome_1\bin;C:\Program Files\Common Files\Oracle\Java\javapath;C:\Program Files (x86)\Common Files\Oracle\Java\javapath;C:\Windows\system32;C:\Windows;C:\Windows\System32\Wbem;C:\Windows\System32\WindowsPowerShell\v1.0\;C:\Windows\System32\OpenSSH\;C:\Program Files\dotnet\;C:\Program Files\nodejs\;C:\Program Files\Java\jdk-17\bin;D:\logiciel\apache-maven-3.9.5\bin;C:\Program Files (x86)\Microsoft SQL Server\160\DTS\Binn\;C:\Program Files\Azure Data Studio\bin;C:\Program Files (x86)\Microsoft SQL Server\160\Tools\Binn\;C:\Program Files\Microsoft SQL Server\160\Tools\Binn\;C:\Program Files\Microsoft SQL Server\Client SDK\ODBC\170\Tools\Binn\;C:\Program Files\Microsoft SQL Server\160\DTS\Binn\;C:\Program Files\Docker\Docker\resources\bin;C:\Users\thony\AppData\Local\Microsoft\WindowsApps;C:\Users\thony\AppData\Local\Programs\Microsoft VS Code\bin;C:\Users\thony\.dotnet\tools;C:\Users\thony\AppData\Roaming\npm;C:\Users\thony\AppData\Local\GitHubDesktop\bin;;C:\Program Files\Azure Data Studio\bin;."/>
    <property name="java.vm.info" value="mixed mode, sharing"/>
    <property name="java.vendor" value="Oracle Corporation"/>
    <property name="java.vm.version" value="17.0.7+8-LTS-224"/>
    <property name="sun.io.unicode.encoding" value="UnicodeLittle"/>
    <property name="java.class.version" value="61.0"/>
  </properties>
  <testcase name="testApp" classname="com.cin.AppTest" time="0.002"/>
</testsuite>